<?xml version="1.0" encoding="UTF-8"?>
<!-- Generated by org.testng.reporters.JUnitReportReporter -->
<testsuite hostname="A21-PC" name="com.testng.page.test.BaiduMainBaseTest" tests="2" failures="0" timestamp="21 Feb 2017 08:12:21 GMT" time="160.069" errors="0">
  <testcase name="testSearch" time="17.251" classname="com.testng.page.test.BaiduMainBaseTest"/>
  <testcase name="testnews" time="142.818" classname="com.testng.page.test.BaiduMainBaseTest"/>
</testsuite> <!-- com.testng.page.test.BaiduMainBaseTest -->
