<?xml version="1.0" encoding="UTF-8"?>
<!-- Generated by org.testng.reporters.JUnitReportReporter -->
<testsuite hostname="A21-PC" name="com.testng.page.test.BaiduMainPageTest" tests="2" failures="0" timestamp="21 Feb 2017 09:23:10 GMT" time="23.570" errors="0">
  <testcase name="testSearch" time="5.749" classname="com.testng.page.test.BaiduMainPageTest"/>
  <testcase name="testnews" time="17.821" classname="com.testng.page.test.BaiduMainPageTest"/>
</testsuite> <!-- com.testng.page.test.BaiduMainPageTest -->
