<?xml version="1.0" encoding="UTF-8"?>
<!-- Generated by org.testng.reporters.JUnitReportReporter -->
<testsuite hostname="A21-PC" name="com.testng.page.test.BaiduMainBaseDataProviderTest" tests="2" failures="0" timestamp="21 Feb 2017 09:37:46 GMT" time="7.456" errors="0">
  <testcase name="testSearch" time="5.182" classname="com.testng.page.test.BaiduMainBaseDataProviderTest"/>
  <testcase name="testSearch" time="2.274" classname="com.testng.page.test.BaiduMainBaseDataProviderTest"/>
</testsuite> <!-- com.testng.page.test.BaiduMainBaseDataProviderTest -->
