<?xml version="1.0" encoding="UTF-8"?>
<!-- Generated by org.testng.reporters.JUnitReportReporter -->
<testsuite hostname="A21-PC" name="com.testng.page.test.BaiduMainPageWaitTest" tests="2" failures="0" timestamp="21 Feb 2017 05:51:46 GMT" time="33.703" errors="0">
  <testcase name="testSearch" time="8.802" classname="com.testng.page.test.BaiduMainPageWaitTest"/>
  <testcase name="testnews" time="24.901" classname="com.testng.page.test.BaiduMainPageWaitTest"/>
</testsuite> <!-- com.testng.page.test.BaiduMainPageWaitTest -->
