<?xml version="1.0" encoding="UTF-8"?>
<!-- Generated by org.testng.reporters.JUnitReportReporter -->
<testsuite hostname="A21-PC" name="com.testng.page.test.BaseTestWithListener" tests="1" failures="0" timestamp="21 Feb 2017 08:52:36 GMT" time="4.385" errors="0">
  <testcase name="testSearch" time="4.385" classname="com.testng.page.test.BaseTestWithListener"/>
</testsuite> <!-- com.testng.page.test.BaseTestWithListener -->
