<?xml version="1.0" encoding="UTF-8"?>
<!-- Generated by org.testng.reporters.JUnitReportReporter -->
<testsuite hostname="A21-PC" name="com.testng.page.test.BaiduMainBaseWithListenerTest" tests="1" failures="0" timestamp="21 Feb 2017 09:26:24 GMT" time="30.268" errors="0">
  <testcase name="testSearch" time="30.268" classname="com.testng.page.test.BaiduMainBaseWithListenerTest"/>
</testsuite> <!-- com.testng.page.test.BaiduMainBaseWithListenerTest -->
